<?xml version="1.0" encoding="UTF-8"?>
<testsuite xmlns:xsi="http://www.w3.org/2001/XMLSchema-instance" xsi:noNamespaceSchemaLocation="https://maven.apache.org/surefire/maven-surefire-plugin/xsd/surefire-test-report-3.0.xsd" version="3.0" name="org.example.kr_backend.KrBackendApplicationTests" time="11.661" tests="1" errors="0" skipped="0" failures="0">
  <properties>
[...]
</properties>
  <testcase name="contextLoads" classname="org.example.kr_backend.KrBackendApplicationTests" time="0.662">
    <system-out><![CDATA[19:27:32.976 [main] INFO org.springframework.test.context.support.AnnotationConfigContextLoaderUtils -- Could not detect default configuration classes for test class [org.example.kr_backend.KrBackendApplicationTests]: KrBackendApplicationTests does not declare any static, non-private, non-final, nested classes annotated with @Configuration.
19:27:33.141 [main] INFO org.springframework.boot.test.context.SpringBootTestContextBootstrapper -- Found @SpringBootConfiguration org.example.kr_backend.KrBackendApplication for test class org.example.kr_backend.KrBackendApplicationTests
19:27:33.428 [main] INFO org.springframework.boot.devtools.restart.RestartApplicationListener -- Restart disabled due to context in which it is running

  .   ____          _            __ _ _
 /\\ / ___'_ __ _ _(_)_ __  __ _ \ \ \ \
( ( )\___ | '_ | '_| | '_ \/ _` | \ \ \ \
 \\/  ___)| |_)| | | | | || (_| |  ) ) ) )
  '  |____| .__|_| |_|_| |_\__, | / / / /
 =========|_|==============|___/=/_/_/_/
 :: Spring Boot ::                (v3.2.3)

2024-05-08T19:27:33.782+03:00  INFO 12380 --- [           main] o.e.k.KrBackendApplicationTests          : Starting KrBackendApplicationTests using Java 21.0.3 with PID 12380 (started by Иван in D:\Studying\rksp\bookShopKR\kr_backend)
2024-05-08T19:27:33.783+03:00  INFO 12380 --- [           main] o.e.k.KrBackendApplicationTests          : No active profile set, falling back to 1 default profile: "default"
2024-05-08T19:27:34.931+03:00  INFO 12380 --- [           main] .s.d.r.c.RepositoryConfigurationDelegate : Bootstrapping Spring Data JPA repositories in DEFAULT mode.
2024-05-08T19:27:35.044+03:00  INFO 12380 --- [           main] .s.d.r.c.RepositoryConfigurationDelegate : Finished Spring Data repository scanning in 99 ms. Found 5 JPA repository interfaces.
2024-05-08T19:27:35.769+03:00  INFO 12380 --- [           main] o.hibernate.jpa.internal.util.LogHelper  : HHH000204: Processing PersistenceUnitInfo [name: default]
2024-05-08T19:27:35.878+03:00  INFO 12380 --- [           main] org.hibernate.Version                    : HHH000412: Hibernate ORM core version 6.4.4.Final
2024-05-08T19:27:35.927+03:00  INFO 12380 --- [           main] o.h.c.internal.RegionFactoryInitiator    : HHH000026: Second-level cache disabled
2024-05-08T19:27:36.287+03:00  INFO 12380 --- [           main] o.s.o.j.p.SpringPersistenceUnitInfo      : No LoadTimeWeaver setup: ignoring JPA class transformer
2024-05-08T19:27:36.355+03:00  INFO 12380 --- [           main] com.zaxxer.hikari.HikariDataSource       : HikariPool-1 - Starting...
2024-05-08T19:27:38.323+03:00  INFO 12380 --- [           main] com.zaxxer.hikari.pool.HikariPool        : HikariPool-1 - Added connection org.postgresql.jdbc.PgConnection@55053f81
2024-05-08T19:27:38.324+03:00  INFO 12380 --- [           main] com.zaxxer.hikari.HikariDataSource       : HikariPool-1 - Start completed.
2024-05-08T19:27:39.922+03:00  INFO 12380 --- [           main] o.h.e.t.j.p.i.JtaPlatformInitiator       : HHH000489: No JTA platform available (set 'hibernate.transaction.jta.platform' to enable JTA platform integration)
2024-05-08T19:27:42.201+03:00  INFO 12380 --- [           main] j.LocalContainerEntityManagerFactoryBean : Initialized JPA EntityManagerFactory for persistence unit 'default'
2024-05-08T19:27:42.728+03:00  INFO 12380 --- [           main] o.s.d.j.r.query.QueryEnhancerFactory     : Hibernate is in classpath; If applicable, HQL parser will be used.
2024-05-08T19:27:42.847+03:00  WARN 12380 --- [           main] JpaBaseConfiguration$JpaWebConfiguration : spring.jpa.open-in-view is enabled by default. Therefore, database queries may be performed during view rendering. Explicitly configure spring.jpa.open-in-view to disable this warning
2024-05-08T19:27:43.248+03:00  INFO 12380 --- [           main] o.s.s.web.DefaultSecurityFilterChain     : Will secure any request with [org.springframework.security.web.session.DisableEncodeUrlFilter@3d96b8fb, org.springframework.security.web.context.request.async.WebAsyncManagerIntegrationFilter@1d208795, org.springframework.security.web.context.SecurityContextHolderFilter@58fb5b8f, org.springframework.security.web.header.HeaderWriterFilter@32d3b965, org.springframework.web.filter.CorsFilter@2f006edf, org.springframework.security.web.authentication.logout.LogoutFilter@47596e9, org.example.kr_backend.conf.JwtAuthenticationFilter@712213ed, org.springframework.security.web.savedrequest.RequestCacheAwareFilter@7fd3c38b, org.springframework.security.web.servletapi.SecurityContextHolderAwareRequestFilter@27260f9c, org.springframework.security.web.authentication.AnonymousAuthenticationFilter@20843604, org.springframework.security.web.session.SessionManagementFilter@40c92dfa, org.springframework.security.web.access.ExceptionTranslationFilter@29280ca6, org.springframework.security.web.access.intercept.AuthorizationFilter@29612ee2]
2024-05-08T19:27:43.705+03:00  INFO 12380 --- [           main] o.e.k.KrBackendApplicationTests          : Started KrBackendApplicationTests in 10.302 seconds (process running for 12.232)
]]></system-out>
    <system-err><![CDATA[WARNING: A Java agent has been loaded dynamically (C:\Users\Èâàí\.m2\repository\net\bytebuddy\byte-buddy-agent\1.14.12\byte-buddy-agent-1.14.12.jar)
WARNING: If a serviceability tool is in use, please run with -XX:+EnableDynamicAgentLoading to hide this warning
WARNING: If a serviceability tool is not in use, please run with -Djdk.instrument.traceUsage for more information
WARNING: Dynamic loading of agents will be disallowed by default in a future release
]]></system-err>
  </testcase>
</testsuite>